2026-05-26 15:55:40,509 - INFO - Ingesting begin_inventory.csv in db
2026-05-26 15:55:43,304 - INFO - Ingesting end_inventory.csv in db
2026-05-26 15:55:50,607 - INFO - Ingesting purchases.csv in db
2026-05-26 15:56:19,165 - INFO - Ingesting purchase_prices.csv in db
2026-05-26 15:56:37,025 - INFO - Ingesting sales.csv in db
2026-05-26 16:02:39,543 - INFO - Ingesting begin_inventory.csv in db
2026-05-26 16:02:44,074 - INFO - Ingesting end_inventory.csv in db
2026-05-26 16:02:56,935 - INFO - Ingesting purchases.csv in db
2026-05-26 16:03:53,124 - INFO - Ingesting purchase_prices.csv in db
2026-05-26 16:04:25,900 - INFO - Ingesting sales.csv in db
2026-05-26 16:07:02,893 - ERROR - Error Occurred: [WinError 3] The system cannot find the path specified: 'vendordata'
2026-05-26 16:08:01,989 - INFO - Started Processing: begin_inventory.csv
2026-05-26 16:08:05,882 - INFO - begin_inventory.csv ingested successfully
2026-05-26 16:08:05,883 - INFO - Started Processing: end_inventory.csv
2026-05-26 16:08:44,797 - INFO - end_inventory.csv ingested successfully
2026-05-26 16:08:44,797 - INFO - Started Processing: purchases.csv
2026-05-26 16:09:55,669 - INFO - purchases.csv ingested successfully
2026-05-26 16:09:55,670 - INFO - Started Processing: purchase_prices.csv
2026-05-26 16:09:55,936 - INFO - purchase_prices.csv ingested successfully
2026-05-26 16:09:55,936 - INFO - Started Processing: sales.csv
2026-05-26 16:15:20,724 - INFO - sales.csv ingested successfully
2026-05-26 16:15:20,725 - INFO - Started Processing: vendor_invoice.csv
2026-05-26 16:15:20,903 - INFO - vendor_invoice.csv ingested successfully
2026-05-26 16:15:20,903 - INFO - ----------- Ingestion Completed -----------
2026-05-26 16:15:20,903 - INFO - Total Time Taken: 7.32 minutes
